<?xml version="1.0" encoding="UTF-8"?>
<!-- Generated by org.testng.reporters.JUnitXMLReporter -->
<testsuite ignored="0" hostname="DESKTOP-1JPKL76" failures="0" tests="3" name="ChromeTest" time="21.025" errors="0" timestamp="2021-11-07T15:18:40 IST">
  <testcase classname="TestPakage.fbTest" name="testOfloginFuctionality" time="5.894"/>
  <testcase classname="TestPakage.fbTest" name="testOfMarketButton" time="3.849"/>
  <testcase classname="TestPakage.fbTest" name="testOflogOutFunctionality" time="4.347"/>
</testsuite> <!-- ChromeTest -->
