<?xml version="1.0" encoding="UTF-8"?>
<!-- Generated by org.testng.reporters.JUnitXMLReporter -->
<testsuite ignored="0" hostname="DESKTOP-1JPKL76" failures="0" tests="3" name="ChromeTest" time="19.652" errors="0" timestamp="2021-11-05T15:14:07 IST">
  <testcase classname="TestPakage.fbTest" name="testOfloginFuctionality" time="6.484"/>
  <testcase classname="TestPakage.fbTest" name="testOfMarketButton" time="3.566"/>
  <testcase classname="TestPakage.fbTest" name="testOflogOutFunctionality" time="4.872"/>
</testsuite> <!-- ChromeTest -->
