<?xml version="1.0" encoding="UTF-8"?>
<!-- Generated by org.testng.reporters.JUnitXMLReporter -->
<testsuite ignored="0" hostname="DESKTOP-1JPKL76" failures="0" tests="3" name="firefoxTest" time="21.769" errors="0" timestamp="2021-11-07T15:19:01 IST">
  <testcase classname="TestPakage.fbTest" name="testOfloginFuctionality" time="3.966"/>
  <testcase classname="TestPakage.fbTest" name="testOfMarketButton" time="3.648"/>
  <testcase classname="TestPakage.fbTest" name="testOflogOutFunctionality" time="3.651"/>
</testsuite> <!-- firefoxTest -->
