<?xml version="1.0" encoding="UTF-8"?>
<!-- Generated by org.testng.reporters.JUnitXMLReporter -->
<testsuite ignored="0" hostname="DESKTOP-1JPKL76" failures="0" tests="3" name="firefoxTest" time="21.719" errors="0" timestamp="2021-11-05T15:14:29 IST">
  <testcase classname="TestPakage.fbTest" name="testOfloginFuctionality" time="4.254"/>
  <testcase classname="TestPakage.fbTest" name="testOfMarketButton" time="3.684"/>
  <testcase classname="TestPakage.fbTest" name="testOflogOutFunctionality" time="3.92"/>
</testsuite> <!-- firefoxTest -->
