<?xml version="1.0" encoding="UTF-8"?>
<!-- Generated by org.testng.reporters.JUnitXMLReporter -->
<testsuite ignored="2" hostname="DESKTOP-1JPKL76" failures="1" tests="1" name="firefoxTest(failed)" time="14.277" errors="0" timestamp="2021-11-01T23:13:56 IST">
  <testcase classname="TestPakage.fbTest" name="testOfloginFuctionality" time="4.109">
    <failure type="java.lang.AssertionError" message="url is wrong expected [https://en-gb.facebook.com/] but found [https://www.facebook.com/]">
      <![CDATA[java.lang.AssertionError: url is wrong expected [https://en-gb.facebook.com/] but found [https://www.facebook.com/]
at TestPakage.fbTest.testOfloginFuctionality(fbTest.java:73)
at java.base/java.util.ArrayList.forEach(ArrayList.java:1511)
... Removed 32 stack frames]]>
    </failure>
  </testcase> <!-- testOfloginFuctionality -->
  <testcase classname="TestPakage.fbTest" name="testOfMarketButton" time="0.0">
    <ignored/>
  </testcase> <!-- testOfMarketButton -->
  <testcase classname="TestPakage.fbTest" name="testOflogOutFunctionality" time="0.0">
    <ignored/>
  </testcase> <!-- testOflogOutFunctionality -->
</testsuite> <!-- firefoxTest(failed) -->
