<?xml version="1.0" encoding="UTF-8"?>
<!-- Generated by org.testng.reporters.JUnitXMLReporter -->
<testsuite ignored="0" hostname="DESKTOP-1JPKL76" failures="0" tests="3" name="Default test" time="15.21" errors="0" timestamp="2021-11-01T23:11:35 IST">
  <testcase classname="TestPakage.fbTest" name="testOfloginFuctionality" time="3.659"/>
  <testcase classname="TestPakage.fbTest" name="testOfMarketButton" time="3.306"/>
  <testcase classname="TestPakage.fbTest" name="testOflogOutFunctionality" time="3.681"/>
</testsuite> <!-- Default test -->
